This is METAFONT, Version 2.7182818 (TeX Live 2017/Debian) (preloaded base=mf 2018.2.7)  27 MAR 2018 11:08
**song_entity_codec.dart lyrics_entity_codec.dart
(song_entity_codec.dart
>> //Copyright2018The.Fuchsia.Authors.All.rights.reserved//Use
! Isolated expression.
<to be read again> 
                   of
l.2 // Use of
              this source code is governed by a BSD-style license that can be
? ^f^v
Type <return> to proceed, S to scroll future error messages,
R to run without stopping, Q to run quietly,
I to insert something, E to edit your file,
1 or ... or 9 to ignore the next 1 to 9 tokens of input,
H for help, X to quit.
? qq
OK, entering batchmode...
! Extra tokens will be flushed.
<to be read again> 
                   of
l.2 // Use of
              this source code is governed by a BSD-style license that can be
I've just read as much of that statement as I could fathom,
so a semicolon should have been next. It's very puzzling...
but I'll try to get myself back together, by ignoring
everything up to the next `;'. Please insert a semicolon
now in front of anything that you don't want me to delete.
(See Chapter 27 of The METAFONTbook for an example.)

>> import'package
! Isolated expression.
<to be read again> 
                   :
l.7 import 'package:
                    lib.logging/logging.dart';
I couldn't find an `=' or `:=' after the
expression that is shown above this error message,
so I guess I'll just ignore it and carry on.

! Extra tokens will be flushed.
<to be read again> 
                   :
l.7 import 'package:
                    lib.logging/logging.dart';
I've just read as much of that statement as I could fathom,
so a semicolon should have been next. It's very puzzling...
but I'll try to get myself back together, by ignoring
everything up to the next `;'. Please insert a semicolon
now in front of anything that you don't want me to delete.
(See Chapter 27 of The METAFONTbook for an example.)

>> import'package
! Isolated expression.
<to be read again> 
                   :
l.8 import 'package:
                    lib.schemas.dart/entity_codec.dart';
I couldn't find an `=' or `:=' after the
expression that is shown above this error message,
so I guess I'll just ignore it and carry on.

! Extra tokens will be flushed.
<to be read again> 
                   :
l.8 import 'package:
                    lib.schemas.dart/entity_codec.dart';
I've just read as much of that statement as I could fathom,
so a semicolon should have been next. It's very puzzling...
but I'll try to get myself back together, by ignoring
everything up to the next `;'. Please insert a semicolon
now in front of anything that you don't want me to delete.
(See Chapter 27 of The METAFONTbook for an example.)

>> ///Convert.list
! Isolated expression.
<to be read again> 
                   of
l.12 /// Convert list of
                         stock ticker values to a form passable over a Link ...
I couldn't find an `=' or `:=' after the
expression that is shown above this error message,
so I guess I'll just ignore it and carry on.

! Extra tokens will be flushed.
<to be read again> 
                   of
l.12 /// Convert list of
                         stock ticker values to a form passable over a Link ...
I've just read as much of that statement as I could fathom,
so a semicolon should have been next. It's very puzzling...
but I'll try to get myself back together, by ignoring
everything up to the next `;'. Please insert a semicolon
now in front of anything that you don't want me to delete.
(See Chapter 27 of The METAFONTbook for an example.)

! A statement can't begin with `}'.
<to be read again> 
                   }
l.18 }
      
I was looking for the beginning of a new statement.
If you just proceed without changing anything, I'll ignore
everything up to the next `;'. Please insert a semicolon
now in front of anything that you don't want me to delete.
(See Chapter 27 of The METAFONTbook for an example.)

! Extra tokens will be flushed.
<to be read again> 
                   }
l.18 }
      
I've just read as much of that statement as I could fathom,
so a semicolon should have been next. It's very puzzling...
but I'll try to get myself back together, by ignoring
everything up to the next `;'. Please insert a semicolon
now in front of anything that you don't want me to delete.
(See Chapter 27 of The METAFONTbook for an example.)

)
! File ended while scanning to the end of the statement.
<inserted text> 
                ;
<*> song_entity_codec.dart
                           lyrics_entity_codec.dart
A previous error seems to have propagated,
causing me to read past where you wanted me to stop.
I'll try to recover; but if the error is serious,
you'd better type `E' or `X' now and fix your file.

! Emergency stop.
<*> ..._entity_codec.dart lyrics_entity_codec.dart
                                                  
*** (job aborted, no legal end found)


